<?xml version="1.0" encoding="UTF-8"?>
<testsuite xmlns:xsi="http://www.w3.org/2001/XMLSchema-instance" xsi:noNamespaceSchemaLocation="https://maven.apache.org/surefire/maven-surefire-plugin/xsd/surefire-test-report.xsd" name="TestMoney" time="0.094" tests="1" errors="0" skipped="0" failures="0">
  <properties>
    <property name="java.specification.version" value="17"/>
    <property name="sun.cpu.isalist" value="amd64"/>
    <property name="sun.jnu.encoding" value="Cp1252"/>
    <property name="java.class.path" value="C:\Users\Tanner Price\Documents\M2\target\test-classes;C:\Users\Tanner Price\Documents\M2\target\classes;C:\Users\Tanner Price\.m2\repository\com\github\almasb\fxgl\11.12\fxgl-11.12.jar;C:\Users\Tanner Price\.m2\repository\org\openjfx\javafx-swing\15\javafx-swing-15.jar;C:\Users\Tanner Price\.m2\repository\org\openjfx\javafx-swing\15\javafx-swing-15-win.jar;C:\Users\Tanner Price\.m2\repository\org\openjfx\javafx-graphics\15\javafx-graphics-15.jar;C:\Users\Tanner Price\.m2\repository\org\openjfx\javafx-graphics\15\javafx-graphics-15-win.jar;C:\Users\Tanner Price\.m2\repository\org\openjfx\javafx-base\15\javafx-base-15.jar;C:\Users\Tanner Price\.m2\repository\org\openjfx\javafx-base\15\javafx-base-15-win.jar;C:\Users\Tanner Price\.m2\repository\org\openjfx\javafx-fxml\15\javafx-fxml-15.jar;C:\Users\Tanner Price\.m2\repository\org\openjfx\javafx-fxml\15\javafx-fxml-15-win.jar;C:\Users\Tanner Price\.m2\repository\org\openjfx\javafx-controls\15\javafx-controls-15.jar;C:\Users\Tanner Price\.m2\repository\org\openjfx\javafx-controls\15\javafx-controls-15-win.jar;C:\Users\Tanner Price\.m2\repository\com\github\almasb\fxgl-core\11.12\fxgl-core-11.12.jar;C:\Users\Tanner Price\.m2\repository\com\github\almasb\fxgl-logging\11.12\fxgl-logging-11.12.jar;C:\Users\Tanner Price\.m2\repository\com\github\almasb\fxgl-io\11.12\fxgl-io-11.12.jar;C:\Users\Tanner Price\.m2\repository\com\gluonhq\attach\storage\4.0.9\storage-4.0.9.jar;C:\Users\Tanner Price\.m2\repository\com\gluonhq\attach\util\4.0.9\util-4.0.9.jar;C:\Users\Tanner Price\.m2\repository\com\github\almasb\fxgl-profiles\11.12\fxgl-profiles-11.12.jar;C:\Users\Tanner Price\.m2\repository\com\github\almasb\fxgl-ui\11.12\fxgl-ui-11.12.jar;C:\Users\Tanner Price\.m2\repository\com\github\almasb\fxgl-net\11.12\fxgl-net-11.12.jar;C:\Users\Tanner Price\.m2\repository\com\github\almasb\fxgl-effects\11.12\fxgl-effects-11.12.jar;C:\Users\Tanner Price\.m2\repository\com\github\almasb\fxgl-animation\11.12\fxgl-animation-11.12.jar;C:\Users\Tanner Price\.m2\repository\com\github\almasb\fxgl-entity\11.12\fxgl-entity-11.12.jar;C:\Users\Tanner Price\.m2\repository\com\github\almasb\fxgl-ai\11.12\fxgl-ai-11.12.jar;C:\Users\Tanner Price\.m2\repository\com\github\almasb\fxgl-media\11.12\fxgl-media-11.12.jar;C:\Users\Tanner Price\.m2\repository\org\openjfx\javafx-media\15\javafx-media-15.jar;C:\Users\Tanner Price\.m2\repository\org\openjfx\javafx-media\15\javafx-media-15-win.jar;C:\Users\Tanner Price\.m2\repository\com\gluonhq\attach\audio\4.0.9\audio-4.0.9.jar;C:\Users\Tanner Price\.m2\repository\com\github\almasb\fxgl-events\11.12\fxgl-events-11.12.jar;C:\Users\Tanner Price\.m2\repository\com\github\almasb\fxgl-input\11.12\fxgl-input-11.12.jar;C:\Users\Tanner Price\.m2\repository\com\github\almasb\fxgl-scene\11.12\fxgl-scene-11.12.jar;C:\Users\Tanner Price\.m2\repository\com\github\almasb\fxgl-minigames\11.12\fxgl-minigames-11.12.jar;C:\Users\Tanner Price\.m2\repository\com\github\almasb\fxgl-notification\11.12\fxgl-notification-11.12.jar;C:\Users\Tanner Price\.m2\repository\com\github\almasb\fxgl-achievement\11.12\fxgl-achievement-11.12.jar;C:\Users\Tanner Price\.m2\repository\com\github\almasb\fxgl-cutscene\11.12\fxgl-cutscene-11.12.jar;C:\Users\Tanner Price\.m2\repository\com\fasterxml\jackson\core\jackson-annotations\2.11.1\jackson-annotations-2.11.1.jar;C:\Users\Tanner Price\.m2\repository\com\github\almasb\fxgl-localization\11.12\fxgl-localization-11.12.jar;C:\Users\Tanner Price\.m2\repository\com\github\almasb\fxgl-time\11.12\fxgl-time-11.12.jar;C:\Users\Tanner Price\.m2\repository\com\github\almasb\fxgl-trade\11.12\fxgl-trade-11.12.jar;C:\Users\Tanner Price\.m2\repository\com\fasterxml\jackson\core\jackson-databind\2.11.1\jackson-databind-2.11.1.jar;C:\Users\Tanner Price\.m2\repository\com\fasterxml\jackson\core\jackson-core\2.11.1\jackson-core-2.11.1.jar;C:\Users\Tanner Price\.m2\repository\com\gluonhq\attach\lifecycle\4.0.9\lifecycle-4.0.9.jar;C:\Users\Tanner Price\.m2\repository\org\jetbrains\kotlin\kotlin-stdlib\1.4.10\kotlin-stdlib-1.4.10-modular.jar;C:\Users\Tanner Price\.m2\repository\org\jetbrains\kotlin\kotlin-stdlib-common\1.4.10\kotlin-stdlib-common-1.4.10.jar;C:\Users\Tanner Price\.m2\repository\org\jetbrains\annotations\13.0\annotations-13.0.jar;C:\Users\Tanner Price\.m2\repository\org\junit\jupiter\junit-jupiter-engine\5.7.0\junit-jupiter-engine-5.7.0.jar;C:\Users\Tanner Price\.m2\repository\org\apiguardian\apiguardian-api\1.1.0\apiguardian-api-1.1.0.jar;C:\Users\Tanner Price\.m2\repository\org\junit\platform\junit-platform-engine\1.7.0\junit-platform-engine-1.7.0.jar;C:\Users\Tanner Price\.m2\repository\org\opentest4j\opentest4j\1.2.0\opentest4j-1.2.0.jar;C:\Users\Tanner Price\.m2\repository\org\junit\platform\junit-platform-commons\1.7.0\junit-platform-commons-1.7.0.jar;C:\Users\Tanner Price\.m2\repository\org\junit\jupiter\junit-jupiter-api\5.7.0\junit-jupiter-api-5.7.0.jar;C:\Users\Tanner Price\.m2\repository\org\junit\jupiter\junit-jupiter-params\5.7.0\junit-jupiter-params-5.7.0.jar;C:\Users\Tanner Price\.m2\repository\org\hamcrest\hamcrest-library\1.3\hamcrest-library-1.3.jar;C:\Users\Tanner Price\.m2\repository\org\hamcrest\hamcrest-core\1.3\hamcrest-core-1.3.jar;"/>
    <property name="java.vm.vendor" value="Oracle Corporation"/>
    <property name="sun.arch.data.model" value="64"/>
    <property name="user.variant" value=""/>
    <property name="java.vendor.url" value="https://java.oracle.com/"/>
    <property name="user.timezone" value="America/New_York"/>
    <property name="os.name" value="Windows 10"/>
    <property name="java.vm.specification.version" value="17"/>
    <property name="sun.java.launcher" value="SUN_STANDARD"/>
    <property name="user.country" value="US"/>
    <property name="sun.boot.library.path" value="C:\Users\Tanner Price\.jdks\openjdk-17\bin"/>
    <property name="sun.java.command" value="C:\Users\TANNER~1\AppData\Local\Temp\surefire17073677871269470556\surefirebooter2961141980310328385.jar C:\Users\Tanner Price\AppData\Local\Temp\surefire17073677871269470556 2021-10-05T17-25-22_019-jvmRun1 surefire18311886285166487332tmp surefire_0417703155038125042tmp"/>
    <property name="jdk.debug" value="release"/>
    <property name="surefire.test.class.path" value="C:\Users\Tanner Price\Documents\M2\target\test-classes;C:\Users\Tanner Price\Documents\M2\target\classes;C:\Users\Tanner Price\.m2\repository\com\github\almasb\fxgl\11.12\fxgl-11.12.jar;C:\Users\Tanner Price\.m2\repository\org\openjfx\javafx-swing\15\javafx-swing-15.jar;C:\Users\Tanner Price\.m2\repository\org\openjfx\javafx-swing\15\javafx-swing-15-win.jar;C:\Users\Tanner Price\.m2\repository\org\openjfx\javafx-graphics\15\javafx-graphics-15.jar;C:\Users\Tanner Price\.m2\repository\org\openjfx\javafx-graphics\15\javafx-graphics-15-win.jar;C:\Users\Tanner Price\.m2\repository\org\openjfx\javafx-base\15\javafx-base-15.jar;C:\Users\Tanner Price\.m2\repository\org\openjfx\javafx-base\15\javafx-base-15-win.jar;C:\Users\Tanner Price\.m2\repository\org\openjfx\javafx-fxml\15\javafx-fxml-15.jar;C:\Users\Tanner Price\.m2\repository\org\openjfx\javafx-fxml\15\javafx-fxml-15-win.jar;C:\Users\Tanner Price\.m2\repository\org\openjfx\javafx-controls\15\javafx-controls-15.jar;C:\Users\Tanner Price\.m2\repository\org\openjfx\javafx-controls\15\javafx-controls-15-win.jar;C:\Users\Tanner Price\.m2\repository\com\github\almasb\fxgl-core\11.12\fxgl-core-11.12.jar;C:\Users\Tanner Price\.m2\repository\com\github\almasb\fxgl-logging\11.12\fxgl-logging-11.12.jar;C:\Users\Tanner Price\.m2\repository\com\github\almasb\fxgl-io\11.12\fxgl-io-11.12.jar;C:\Users\Tanner Price\.m2\repository\com\gluonhq\attach\storage\4.0.9\storage-4.0.9.jar;C:\Users\Tanner Price\.m2\repository\com\gluonhq\attach\util\4.0.9\util-4.0.9.jar;C:\Users\Tanner Price\.m2\repository\com\github\almasb\fxgl-profiles\11.12\fxgl-profiles-11.12.jar;C:\Users\Tanner Price\.m2\repository\com\github\almasb\fxgl-ui\11.12\fxgl-ui-11.12.jar;C:\Users\Tanner Price\.m2\repository\com\github\almasb\fxgl-net\11.12\fxgl-net-11.12.jar;C:\Users\Tanner Price\.m2\repository\com\github\almasb\fxgl-effects\11.12\fxgl-effects-11.12.jar;C:\Users\Tanner Price\.m2\repository\com\github\almasb\fxgl-animation\11.12\fxgl-animation-11.12.jar;C:\Users\Tanner Price\.m2\repository\com\github\almasb\fxgl-entity\11.12\fxgl-entity-11.12.jar;C:\Users\Tanner Price\.m2\repository\com\github\almasb\fxgl-ai\11.12\fxgl-ai-11.12.jar;C:\Users\Tanner Price\.m2\repository\com\github\almasb\fxgl-media\11.12\fxgl-media-11.12.jar;C:\Users\Tanner Price\.m2\repository\org\openjfx\javafx-media\15\javafx-media-15.jar;C:\Users\Tanner Price\.m2\repository\org\openjfx\javafx-media\15\javafx-media-15-win.jar;C:\Users\Tanner Price\.m2\repository\com\gluonhq\attach\audio\4.0.9\audio-4.0.9.jar;C:\Users\Tanner Price\.m2\repository\com\github\almasb\fxgl-events\11.12\fxgl-events-11.12.jar;C:\Users\Tanner Price\.m2\repository\com\github\almasb\fxgl-input\11.12\fxgl-input-11.12.jar;C:\Users\Tanner Price\.m2\repository\com\github\almasb\fxgl-scene\11.12\fxgl-scene-11.12.jar;C:\Users\Tanner Price\.m2\repository\com\github\almasb\fxgl-minigames\11.12\fxgl-minigames-11.12.jar;C:\Users\Tanner Price\.m2\repository\com\github\almasb\fxgl-notification\11.12\fxgl-notification-11.12.jar;C:\Users\Tanner Price\.m2\repository\com\github\almasb\fxgl-achievement\11.12\fxgl-achievement-11.12.jar;C:\Users\Tanner Price\.m2\repository\com\github\almasb\fxgl-cutscene\11.12\fxgl-cutscene-11.12.jar;C:\Users\Tanner Price\.m2\repository\com\fasterxml\jackson\core\jackson-annotations\2.11.1\jackson-annotations-2.11.1.jar;C:\Users\Tanner Price\.m2\repository\com\github\almasb\fxgl-localization\11.12\fxgl-localization-11.12.jar;C:\Users\Tanner Price\.m2\repository\com\github\almasb\fxgl-time\11.12\fxgl-time-11.12.jar;C:\Users\Tanner Price\.m2\repository\com\github\almasb\fxgl-trade\11.12\fxgl-trade-11.12.jar;C:\Users\Tanner Price\.m2\repository\com\fasterxml\jackson\core\jackson-databind\2.11.1\jackson-databind-2.11.1.jar;C:\Users\Tanner Price\.m2\repository\com\fasterxml\jackson\core\jackson-core\2.11.1\jackson-core-2.11.1.jar;C:\Users\Tanner Price\.m2\repository\com\gluonhq\attach\lifecycle\4.0.9\lifecycle-4.0.9.jar;C:\Users\Tanner Price\.m2\repository\org\jetbrains\kotlin\kotlin-stdlib\1.4.10\kotlin-stdlib-1.4.10-modular.jar;C:\Users\Tanner Price\.m2\repository\org\jetbrains\kotlin\kotlin-stdlib-common\1.4.10\kotlin-stdlib-common-1.4.10.jar;C:\Users\Tanner Price\.m2\repository\org\jetbrains\annotations\13.0\annotations-13.0.jar;C:\Users\Tanner Price\.m2\repository\org\junit\jupiter\junit-jupiter-engine\5.7.0\junit-jupiter-engine-5.7.0.jar;C:\Users\Tanner Price\.m2\repository\org\apiguardian\apiguardian-api\1.1.0\apiguardian-api-1.1.0.jar;C:\Users\Tanner Price\.m2\repository\org\junit\platform\junit-platform-engine\1.7.0\junit-platform-engine-1.7.0.jar;C:\Users\Tanner Price\.m2\repository\org\opentest4j\opentest4j\1.2.0\opentest4j-1.2.0.jar;C:\Users\Tanner Price\.m2\repository\org\junit\platform\junit-platform-commons\1.7.0\junit-platform-commons-1.7.0.jar;C:\Users\Tanner Price\.m2\repository\org\junit\jupiter\junit-jupiter-api\5.7.0\junit-jupiter-api-5.7.0.jar;C:\Users\Tanner Price\.m2\repository\org\junit\jupiter\junit-jupiter-params\5.7.0\junit-jupiter-params-5.7.0.jar;C:\Users\Tanner Price\.m2\repository\org\hamcrest\hamcrest-library\1.3\hamcrest-library-1.3.jar;C:\Users\Tanner Price\.m2\repository\org\hamcrest\hamcrest-core\1.3\hamcrest-core-1.3.jar;"/>
    <property name="sun.cpu.endian" value="little"/>
    <property name="user.home" value="C:\Users\Tanner Price"/>
    <property name="user.language" value="en"/>
    <property name="java.specification.vendor" value="Oracle Corporation"/>
    <property name="java.version.date" value="2021-09-14"/>
    <property name="java.home" value="C:\Users\Tanner Price\.jdks\openjdk-17"/>
    <property name="file.separator" value="\"/>
    <property name="basedir" value="C:\Users\Tanner Price\Documents\M2"/>
    <property name="java.vm.compressedOopsMode" value="32-bit"/>
    <property name="line.separator" value="&#10;"/>
    <property name="java.vm.specification.vendor" value="Oracle Corporation"/>
    <property name="java.specification.name" value="Java Platform API Specification"/>
    <property name="surefire.real.class.path" value="C:\Users\TANNER~1\AppData\Local\Temp\surefire17073677871269470556\surefirebooter2961141980310328385.jar"/>
    <property name="user.script" value=""/>
    <property name="sun.management.compiler" value="HotSpot 64-Bit Tiered Compilers"/>
    <property name="java.runtime.version" value="17+35-2724"/>
    <property name="user.name" value="Tanner Price"/>
    <property name="path.separator" value=";"/>
    <property name="os.version" value="10.0"/>
    <property name="java.runtime.name" value="OpenJDK Runtime Environment"/>
    <property name="file.encoding" value="Cp1252"/>
    <property name="java.vm.name" value="OpenJDK 64-Bit Server VM"/>
    <property name="localRepository" value="C:\Users\Tanner Price\.m2\repository"/>
    <property name="java.vendor.url.bug" value="https://bugreport.java.com/bugreport/"/>
    <property name="java.io.tmpdir" value="C:\Users\TANNER~1\AppData\Local\Temp\"/>
    <property name="idea.version" value="2021.2.2"/>
    <property name="java.version" value="17"/>
    <property name="user.dir" value="C:\Users\Tanner Price\Documents\M2"/>
    <property name="os.arch" value="amd64"/>
    <property name="java.vm.specification.name" value="Java Virtual Machine Specification"/>
    <property name="sun.os.patch.level" value=""/>
    <property name="native.encoding" value="Cp1252"/>
    <property name="java.library.path" value="C:\Users\Tanner Price\.jdks\openjdk-17\bin;C:\WINDOWS\Sun\Java\bin;C:\WINDOWS\system32;C:\WINDOWS;C:\Program Files (x86)\Common Files\Oracle\Java\javapath;C:\WINDOWS\system32;C:\WINDOWS;C:\WINDOWS\System32\Wbem;C:\WINDOWS\System32\WindowsPowerShell\v1.0\;C:\WINDOWS\System32\OpenSSH\;C:\Program Files\Git\cmd;C:\Program Files\Docker\Docker\resources\bin;C:\ProgramData\DockerDesktop\version-bin;C:\Users\Tanner Price\AppData\Local\Microsoft\WindowsApps;;."/>
    <property name="java.vm.info" value="mixed mode, sharing"/>
    <property name="java.vendor" value="Oracle Corporation"/>
    <property name="java.vm.version" value="17+35-2724"/>
    <property name="sun.io.unicode.encoding" value="UnicodeLittle"/>
    <property name="java.class.version" value="61.0"/>
  </properties>
  <testcase name="testMoneyInit" classname="TestMoney" time="0.032"/>
</testsuite>